2026-05-21T17:34:04.282+05:00  INFO 10156 --- [flight-booking-system] [main] .a.f.FlightBookingSystemApplicationTests : Starting FlightBookingSystemApplicationTests using Java 23.0.2 with PID 10156 (started by Arthur in C:\Users\Arthur\Desktop\FlightBookingSystem\flight-booking-system)
2026-05-21T17:34:04.283+05:00  INFO 10156 --- [flight-booking-system] [main] .a.f.FlightBookingSystemApplicationTests : No active profile set, falling back to 1 default profile: "default"
2026-05-21T17:34:05.026+05:00  INFO 10156 --- [flight-booking-system] [main] .s.d.r.c.RepositoryConfigurationDelegate : Bootstrapping Spring Data JPA repositories in DEFAULT mode.
2026-05-21T17:34:05.057+05:00  INFO 10156 --- [flight-booking-system] [main] .s.d.r.c.RepositoryConfigurationDelegate : Finished Spring Data repository scanning in 25 ms. Found 4 JPA repository interfaces.
2026-05-21T17:34:05.622+05:00  INFO 10156 --- [flight-booking-system] [main] org.hibernate.orm.jpa                    : HHH008540: Processing PersistenceUnitInfo [name: default]
2026-05-21T17:34:05.708+05:00  INFO 10156 --- [flight-booking-system] [main] org.hibernate.orm.core                   : HHH000001: Hibernate ORM core version 7.2.12.Final
2026-05-21T17:34:06.043+05:00  INFO 10156 --- [flight-booking-system] [main] o.s.o.j.p.SpringPersistenceUnitInfo      : No LoadTimeWeaver setup: ignoring JPA class transformer
2026-05-21T17:34:06.062+05:00  INFO 10156 --- [flight-booking-system] [main] com.zaxxer.hikari.HikariDataSource       : HikariPool-1 - Starting...
2026-05-21T17:34:06.287+05:00  INFO 10156 --- [flight-booking-system] [main] com.zaxxer.hikari.pool.HikariPool        : HikariPool-1 - Added connection org.postgresql.jdbc.PgConnection@c6d7256
2026-05-21T17:34:06.288+05:00  INFO 10156 --- [flight-booking-system] [main] com.zaxxer.hikari.HikariDataSource       : HikariPool-1 - Start completed.
2026-05-21T17:34:06.346+05:00  INFO 10156 --- [flight-booking-system] [main] org.hibernate.orm.connections.pooling    : HHH10001005: Database info:
	Database JDBC URL [jdbc:postgresql://localhost:5432/postgres]
	Database driver: PostgreSQL JDBC Driver
	Database dialect: PostgreSQLDialect
	Database version: 18.4
	Default catalog/schema: postgres/public
	Autocommit mode: undefined/unknown
	Isolation level: READ_COMMITTED [default READ_COMMITTED]
	JDBC fetch size: none
	Pool: DataSourceConnectionProvider
	Minimum pool size: undefined/unknown
	Maximum pool size: undefined/unknown
2026-05-21T17:34:07.023+05:00  INFO 10156 --- [flight-booking-system] [main] org.hibernate.orm.core                   : HHH000489: No JTA platform available (set 'hibernate.transaction.jta.platform' to enable JTA platform integration)
2026-05-21T17:34:07.066+05:00  INFO 10156 --- [flight-booking-system] [main] j.LocalContainerEntityManagerFactoryBean : Initialized JPA EntityManagerFactory for persistence unit 'default'
2026-05-21T17:34:07.135+05:00  INFO 10156 --- [flight-booking-system] [main] o.s.d.j.r.query.QueryEnhancerFactories   : Hibernate is in classpath; If applicable, HQL parser will be used.
2026-05-21T17:34:07.475+05:00  INFO 10156 --- [flight-booking-system] [main] r$InitializeUserDetailsManagerConfigurer : Global AuthenticationManager configured with UserDetailsService bean with name customUserDetailsService
2026-05-21T17:34:08.126+05:00  INFO 10156 --- [flight-booking-system] [main] o.s.b.a.e.web.EndpointLinksResolver      : Exposing 1 endpoint beneath base path '/actuator'
2026-05-21T17:34:08.164+05:00  INFO 10156 --- [flight-booking-system] [main] .a.f.FlightBookingSystemApplicationTests : Started FlightBookingSystemApplicationTests in 4.108 seconds (process running for 4.818)
2026-05-21T17:34:08.219+05:00  WARN 10156 --- [flight-booking-system] [main] o.s.core.events.SpringDocAppInitializer  : SpringDoc /v3/api-docs endpoint is enabled by default. To disable it in production, set the property 'springdoc.api-docs.enabled=false'
2026-05-21T17:34:08.219+05:00  WARN 10156 --- [flight-booking-system] [main] o.s.core.events.SpringDocAppInitializer  : SpringDoc /swagger-ui.html endpoint is enabled by default. To disable it in production, set the property 'springdoc.swagger-ui.enabled=false'
2026-05-21T17:34:08.508+05:00  INFO 10156 --- [flight-booking-system] [SpringApplicationShutdownHook] j.LocalContainerEntityManagerFactoryBean : Closing JPA EntityManagerFactory for persistence unit 'default'
2026-05-21T17:34:08.510+05:00  INFO 10156 --- [flight-booking-system] [SpringApplicationShutdownHook] com.zaxxer.hikari.HikariDataSource       : HikariPool-1 - Shutdown initiated...
2026-05-21T17:34:08.513+05:00  INFO 10156 --- [flight-booking-system] [SpringApplicationShutdownHook] com.zaxxer.hikari.HikariDataSource       : HikariPool-1 - Shutdown completed.
